cl : wiersz polecenia warning D9035: Opcja "Gm" jest przestarzała i będzie usunięta w przyszłych wydaniach
  main.cpp
C:\Users\student\Downloads\wzr21_1b\main.cpp(19,11): warning C4996: 'fopen': This function or variable may be unsafe. Consider using fopen_s instead. To disable deprecation, use _CRT_SECURE_NO_WARNINGS. See online help for details.
C:\Users\student\Downloads\wzr21_1b\main.cpp(100,6): warning C4551: wywołaniu funkcji brakuje listy argumentów
C:\Users\student\Downloads\wzr21_1b\main.cpp(155,39): warning C4244: "=": konwersja z "double" do "float", możliwa utrata danych
C:\Users\student\Downloads\wzr21_1b\main.cpp(157,3): warning C4996: 'sprintf': This function or variable may be unsafe. Consider using sprintf_s instead. To disable deprecation, use _CRT_SECURE_NO_WARNINGS. See online help for details.
C:\Users\student\Downloads\wzr21_1b\main.cpp(376,50): warning C4244: "=": konwersja z "double" do "float", możliwa utrata danych
C:\Users\student\Downloads\wzr21_1b\main.cpp(439,63): warning C4305: "/=": obcięcie z "double" do "float"
C:\Users\student\Downloads\wzr21_1b\main.cpp(446,61): warning C4305: "*=": obcięcie z "double" do "float"
C:\Users\student\Downloads\wzr21_1b\main.cpp(472,37): warning C4305: "+=": obcięcie z "double" do "float"
C:\Users\student\Downloads\wzr21_1b\main.cpp(477,37): warning C4305: "-=": obcięcie z "double" do "float"
C:\Users\student\Downloads\wzr21_1b\main.cpp(498,23): warning C4305: "/=": obcięcie z "double" do "float"
C:\Users\student\Downloads\wzr21_1b\main.cpp(506,23): warning C4305: "*=": obcięcie z "double" do "float"
C:\Users\student\Downloads\wzr21_1b\main.cpp(517,4): warning C4996: 'strcpy': This function or variable may be unsafe. Consider using strcpy_s instead. To disable deprecation, use _CRT_SECURE_NO_WARNINGS. See online help for details.
C:\Users\student\Downloads\wzr21_1b\main.cpp(518,4): warning C4996: 'strcat': This function or variable may be unsafe. Consider using strcat_s instead. To disable deprecation, use _CRT_SECURE_NO_WARNINGS. See online help for details.
C:\Users\student\Downloads\wzr21_1b\main.cpp(519,4): warning C4996: 'strcat': This function or variable may be unsafe. Consider using strcat_s instead. To disable deprecation, use _CRT_SECURE_NO_WARNINGS. See online help for details.
C:\Users\student\Downloads\wzr21_1b\main.cpp(523,5): warning C4996: 'strcpy': This function or variable may be unsafe. Consider using strcpy_s instead. To disable deprecation, use _CRT_SECURE_NO_WARNINGS. See online help for details.
C:\Users\student\Downloads\wzr21_1b\main.cpp(524,5): warning C4996: 'strcat': This function or variable may be unsafe. Consider using strcat_s instead. To disable deprecation, use _CRT_SECURE_NO_WARNINGS. See online help for details.
C:\Users\student\Downloads\wzr21_1b\main.cpp(525,5): warning C4996: 'strcat': This function or variable may be unsafe. Consider using strcat_s instead. To disable deprecation, use _CRT_SECURE_NO_WARNINGS. See online help for details.
C:\Users\student\Downloads\wzr21_1b\main.cpp(531,6): warning C4996: 'strcat': This function or variable may be unsafe. Consider using strcat_s instead. To disable deprecation, use _CRT_SECURE_NO_WARNINGS. See online help for details.
C:\Users\student\Downloads\wzr21_1b\main.cpp(599): warning C4715: "WndProc”: niewszystkie ścieżki kodu zwracają wartość
  wzr_vis.vcxproj -> C:\Users\student\Downloads\wzr21_1b\Debug\wzr_vis.exe
